mode: set
github.com/renatosaksanni/apf/internal/interfaces/cli/commands.go:10.31,20.12 3 0
github.com/renatosaksanni/apf/internal/interfaces/cli/commands.go:20.12,23.17 3 0
github.com/renatosaksanni/apf/internal/interfaces/cli/commands.go:23.17,25.4 1 0
github.com/renatosaksanni/apf/internal/interfaces/cli/commands.go:26.3,26.40 1 0
github.com/renatosaksanni/apf/internal/interfaces/cli/commands.go:29.2,31.16 3 0
github.com/renatosaksanni/apf/internal/interfaces/cli/commands.go:31.16,33.3 1 0
github.com/renatosaksanni/apf/internal/interfaces/cli/commands.go:35.2,36.12 2 0
github.com/renatosaksanni/apf/internal/infra/forecasting/repository.go:16.73,18.2 1 0
github.com/renatosaksanni/apf/internal/infra/forecasting/repository.go:20.78,22.16 2 0
github.com/renatosaksanni/apf/internal/infra/forecasting/repository.go:22.16,24.3 1 0
github.com/renatosaksanni/apf/internal/infra/forecasting/repository.go:25.2,30.29 4 0
github.com/renatosaksanni/apf/internal/infra/forecasting/repository.go:30.29,31.84 1 0
github.com/renatosaksanni/apf/internal/infra/forecasting/repository.go:31.84,33.4 1 0
github.com/renatosaksanni/apf/internal/infra/forecasting/repository.go:35.2,35.12 1 0
github.com/renatosaksanni/apf/internal/infra/forecasting/repository.go:38.76,40.16 2 0
github.com/renatosaksanni/apf/internal/infra/forecasting/repository.go:40.16,42.3 1 0
github.com/renatosaksanni/apf/internal/infra/forecasting/repository.go:43.2,48.16 5 0
github.com/renatosaksanni/apf/internal/infra/forecasting/repository.go:48.16,50.3 1 0
github.com/renatosaksanni/apf/internal/infra/forecasting/repository.go:52.2,52.33 1 0
github.com/renatosaksanni/apf/internal/infra/forecasting/repository.go:52.33,54.17 2 0
github.com/renatosaksanni/apf/internal/infra/forecasting/repository.go:54.17,56.4 1 0
github.com/renatosaksanni/apf/internal/infra/forecasting/repository.go:57.3,57.85 1 0
github.com/renatosaksanni/apf/internal/infra/forecasting/repository.go:59.2,59.23 1 0
github.com/renatosaksanni/apf/internal/infra/datafetching/alpha_vantage_repository.go:15.58,17.2 1 0
github.com/renatosaksanni/apf/internal/infra/datafetching/alpha_vantage_repository.go:19.88,23.16 4 0
github.com/renatosaksanni/apf/internal/infra/datafetching/alpha_vantage_repository.go:23.16,25.3 1 0
github.com/renatosaksanni/apf/internal/infra/datafetching/alpha_vantage_repository.go:26.2,29.71 3 0
github.com/renatosaksanni/apf/internal/infra/datafetching/alpha_vantage_repository.go:29.71,31.3 1 0
github.com/renatosaksanni/apf/internal/infra/datafetching/alpha_vantage_repository.go:33.2,34.9 2 0
github.com/renatosaksanni/apf/internal/infra/datafetching/alpha_vantage_repository.go:34.9,36.3 1 0
github.com/renatosaksanni/apf/internal/infra/datafetching/alpha_vantage_repository.go:38.2,39.38 2 0
github.com/renatosaksanni/apf/internal/infra/datafetching/alpha_vantage_repository.go:39.38,41.10 2 0
github.com/renatosaksanni/apf/internal/infra/datafetching/alpha_vantage_repository.go:41.10,43.4 1 0
github.com/renatosaksanni/apf/internal/infra/datafetching/alpha_vantage_repository.go:44.3,45.10 2 0
github.com/renatosaksanni/apf/internal/infra/datafetching/alpha_vantage_repository.go:45.10,47.4 1 0
github.com/renatosaksanni/apf/internal/infra/datafetching/alpha_vantage_repository.go:48.3,49.17 2 0
github.com/renatosaksanni/apf/internal/infra/datafetching/alpha_vantage_repository.go:49.17,51.4 1 0
github.com/renatosaksanni/apf/internal/infra/datafetching/alpha_vantage_repository.go:52.3,52.79 1 0
github.com/renatosaksanni/apf/internal/infra/datafetching/alpha_vantage_repository.go:54.2,54.18 1 0
github.com/renatosaksanni/apf/internal/interfaces/api/handlers.go:9.62,12.16 3 0
github.com/renatosaksanni/apf/internal/interfaces/api/handlers.go:12.16,15.3 2 0
github.com/renatosaksanni/apf/internal/interfaces/api/handlers.go:16.2,16.30 1 0
github.com/renatosaksanni/apf/internal/app/services/data_fetching_service.go:16.52,19.2 2 0
github.com/renatosaksanni/apf/internal/app/services/data_fetching_service.go:21.69,23.16 2 0
github.com/renatosaksanni/apf/internal/app/services/data_fetching_service.go:23.16,25.3 1 0
github.com/renatosaksanni/apf/internal/app/services/data_fetching_service.go:27.2,28.16 2 0
github.com/renatosaksanni/apf/internal/app/services/data_fetching_service.go:28.16,30.3 1 0
github.com/renatosaksanni/apf/internal/app/services/data_fetching_service.go:31.2,36.25 4 0
github.com/renatosaksanni/apf/internal/app/services/data_fetching_service.go:36.25,37.91 1 0
github.com/renatosaksanni/apf/internal/app/services/data_fetching_service.go:37.91,39.4 1 0
github.com/renatosaksanni/apf/internal/app/services/data_fetching_service.go:41.2,41.12 1 0
github.com/renatosaksanni/apf/internal/app/services/forecasting_service.go:15.50,18.2 2 0
github.com/renatosaksanni/apf/internal/app/services/forecasting_service.go:20.90,23.24 2 0
github.com/renatosaksanni/apf/internal/app/services/forecasting_service.go:23.24,25.3 1 0
github.com/renatosaksanni/apf/internal/app/services/forecasting_service.go:25.8,25.29 1 0
github.com/renatosaksanni/apf/internal/app/services/forecasting_service.go:25.29,27.3 1 0
github.com/renatosaksanni/apf/internal/app/services/forecasting_service.go:27.8,29.3 1 0
github.com/renatosaksanni/apf/internal/app/services/forecasting_service.go:31.2,32.16 2 0
github.com/renatosaksanni/apf/internal/app/services/forecasting_service.go:32.16,34.3 1 0
github.com/renatosaksanni/apf/internal/app/services/forecasting_service.go:38.2,39.16 2 0
github.com/renatosaksanni/apf/internal/app/services/forecasting_service.go:39.16,41.3 1 0
github.com/renatosaksanni/apf/internal/app/services/forecasting_service.go:43.2,43.37 1 0
github.com/renatosaksanni/apf/internal/app/services/forecasting_service.go:46.68,49.2 2 0
github.com/renatosaksanni/apf/cmd/main.go:11.13,12.44 1 0
github.com/renatosaksanni/apf/cmd/main.go:12.44,14.3 1 0
github.com/renatosaksanni/apf/cmd/main.go:16.2,16.41 1 0
github.com/renatosaksanni/apf/cmd/main.go:16.41,18.3 1 0
github.com/renatosaksanni/apf/internal/app/services/data_fetching_service.go:16.52,19.2 2 0
github.com/renatosaksanni/apf/internal/app/services/data_fetching_service.go:21.69,23.16 2 0
github.com/renatosaksanni/apf/internal/app/services/data_fetching_service.go:23.16,25.3 1 0
github.com/renatosaksanni/apf/internal/app/services/data_fetching_service.go:27.2,28.16 2 0
github.com/renatosaksanni/apf/internal/app/services/data_fetching_service.go:28.16,30.3 1 0
github.com/renatosaksanni/apf/internal/app/services/data_fetching_service.go:31.2,36.25 4 0
github.com/renatosaksanni/apf/internal/app/services/data_fetching_service.go:36.25,37.91 1 0
github.com/renatosaksanni/apf/internal/app/services/data_fetching_service.go:37.91,39.4 1 0
github.com/renatosaksanni/apf/internal/app/services/data_fetching_service.go:41.2,41.12 1 0
github.com/renatosaksanni/apf/internal/app/services/forecasting_service.go:15.50,18.2 2 0
github.com/renatosaksanni/apf/internal/app/services/forecasting_service.go:20.90,23.24 2 0
github.com/renatosaksanni/apf/internal/app/services/forecasting_service.go:23.24,25.3 1 0
github.com/renatosaksanni/apf/internal/app/services/forecasting_service.go:25.8,25.29 1 0
github.com/renatosaksanni/apf/internal/app/services/forecasting_service.go:25.29,27.3 1 0
github.com/renatosaksanni/apf/internal/app/services/forecasting_service.go:27.8,29.3 1 0
github.com/renatosaksanni/apf/internal/app/services/forecasting_service.go:31.2,32.16 2 0
github.com/renatosaksanni/apf/internal/app/services/forecasting_service.go:32.16,34.3 1 0
github.com/renatosaksanni/apf/internal/app/services/forecasting_service.go:38.2,39.16 2 0
github.com/renatosaksanni/apf/internal/app/services/forecasting_service.go:39.16,41.3 1 0
github.com/renatosaksanni/apf/internal/app/services/forecasting_service.go:43.2,43.37 1 0
github.com/renatosaksanni/apf/internal/app/services/forecasting_service.go:46.68,49.2 2 0
github.com/renatosaksanni/apf/internal/infra/datafetching/alpha_vantage_repository.go:15.58,17.2 1 0
github.com/renatosaksanni/apf/internal/infra/datafetching/alpha_vantage_repository.go:19.88,23.16 4 0
github.com/renatosaksanni/apf/internal/infra/datafetching/alpha_vantage_repository.go:23.16,25.3 1 0
github.com/renatosaksanni/apf/internal/infra/datafetching/alpha_vantage_repository.go:26.2,29.71 3 0
github.com/renatosaksanni/apf/internal/infra/datafetching/alpha_vantage_repository.go:29.71,31.3 1 0
github.com/renatosaksanni/apf/internal/infra/datafetching/alpha_vantage_repository.go:33.2,34.9 2 0
github.com/renatosaksanni/apf/internal/infra/datafetching/alpha_vantage_repository.go:34.9,36.3 1 0
github.com/renatosaksanni/apf/internal/infra/datafetching/alpha_vantage_repository.go:38.2,39.38 2 0
github.com/renatosaksanni/apf/internal/infra/datafetching/alpha_vantage_repository.go:39.38,41.10 2 0
github.com/renatosaksanni/apf/internal/infra/datafetching/alpha_vantage_repository.go:41.10,43.4 1 0
github.com/renatosaksanni/apf/internal/infra/datafetching/alpha_vantage_repository.go:44.3,45.10 2 0
github.com/renatosaksanni/apf/internal/infra/datafetching/alpha_vantage_repository.go:45.10,47.4 1 0
github.com/renatosaksanni/apf/internal/infra/datafetching/alpha_vantage_repository.go:48.3,49.17 2 0
github.com/renatosaksanni/apf/internal/infra/datafetching/alpha_vantage_repository.go:49.17,51.4 1 0
github.com/renatosaksanni/apf/internal/infra/datafetching/alpha_vantage_repository.go:52.3,52.79 1 0
github.com/renatosaksanni/apf/internal/infra/datafetching/alpha_vantage_repository.go:54.2,54.18 1 0
github.com/renatosaksanni/apf/internal/infra/forecasting/repository.go:16.73,18.2 1 0
github.com/renatosaksanni/apf/internal/infra/forecasting/repository.go:20.78,22.16 2 0
github.com/renatosaksanni/apf/internal/infra/forecasting/repository.go:22.16,24.3 1 0
github.com/renatosaksanni/apf/internal/infra/forecasting/repository.go:25.2,30.29 4 0
github.com/renatosaksanni/apf/internal/infra/forecasting/repository.go:30.29,31.84 1 0
github.com/renatosaksanni/apf/internal/infra/forecasting/repository.go:31.84,33.4 1 0
github.com/renatosaksanni/apf/internal/infra/forecasting/repository.go:35.2,35.12 1 0
github.com/renatosaksanni/apf/internal/infra/forecasting/repository.go:38.76,40.16 2 0
github.com/renatosaksanni/apf/internal/infra/forecasting/repository.go:40.16,42.3 1 0
github.com/renatosaksanni/apf/internal/infra/forecasting/repository.go:43.2,48.16 5 0
github.com/renatosaksanni/apf/internal/infra/forecasting/repository.go:48.16,50.3 1 0
github.com/renatosaksanni/apf/internal/infra/forecasting/repository.go:52.2,52.33 1 0
github.com/renatosaksanni/apf/internal/infra/forecasting/repository.go:52.33,54.17 2 0
github.com/renatosaksanni/apf/internal/infra/forecasting/repository.go:54.17,56.4 1 0
github.com/renatosaksanni/apf/internal/infra/forecasting/repository.go:57.3,57.85 1 0
github.com/renatosaksanni/apf/internal/infra/forecasting/repository.go:59.2,59.23 1 0
github.com/renatosaksanni/apf/internal/interfaces/cli/commands.go:10.31,20.12 3 0
github.com/renatosaksanni/apf/internal/interfaces/cli/commands.go:20.12,23.17 3 0
github.com/renatosaksanni/apf/internal/interfaces/cli/commands.go:23.17,25.4 1 0
github.com/renatosaksanni/apf/internal/interfaces/cli/commands.go:26.3,26.40 1 0
github.com/renatosaksanni/apf/internal/interfaces/cli/commands.go:29.2,31.16 3 0
github.com/renatosaksanni/apf/internal/interfaces/cli/commands.go:31.16,33.3 1 0
github.com/renatosaksanni/apf/internal/interfaces/cli/commands.go:35.2,36.12 2 0
github.com/renatosaksanni/apf/pkg/utils/utils.go:9.26,10.16 1 1
github.com/renatosaksanni/apf/pkg/utils/utils.go:10.16,12.3 1 0
github.com/renatosaksanni/apf/pkg/utils/utils.go:17.46,19.13 2 1
github.com/renatosaksanni/apf/pkg/utils/utils.go:19.13,21.3 1 1
github.com/renatosaksanni/apf/pkg/utils/utils.go:22.2,22.14 1 1
github.com/renatosaksanni/apf/pkg/utils/utils.go:26.42,30.2 1 0
github.com/renatosaksanni/apf/config/config.go:14.25,16.40 2 1
github.com/renatosaksanni/apf/config/config.go:16.40,18.3 1 0
github.com/renatosaksanni/apf/config/config.go:19.2,19.12 1 1
